<?xml version="1.0" encoding="UTF-8"?>
<!-- Generated by org.testng.reporters.JUnitReportReporter -->
<testsuite skipped="0" hostname="DESKTOP-F17C8H7" name="com.automation.index.PackageIndex" tests="3" failures="0" timestamp="26 Oct 2018 11:54:50 GMT" time="3233.733" errors="0">
  <testcase name="TC_DB_02" time="1560.465" classname="com.automation.index.PackageIndex"/>
  <testcase name="TC_DB_32" time="622.459" classname="com.automation.index.PackageIndex"/>
  <testcase name="TC_DB_03" time="1050.809" classname="com.automation.index.PackageIndex"/>
</testsuite> <!-- com.automation.index.PackageIndex -->
